[2023-04-24T12:40:50.380] [INFO] [POST] [/login]:
 {
  CONTEXT: 'FROM CLIENT',
  CLIENT_HEADERS: {
    host: '0.0.0.0:5000',
    'user-agent': 'curl/7.68.0',
    accept: '*/*',
    'content-type': 'application/json',
    'content-length': '42'
  },
  DATA: '{"userName":"nisha","password":"nisha"}',
  UUID: ''
} 

[2023-04-24T12:40:51.451] [INFO] [POST] [/login]:
 { CONTEXT: 'TO CLIENT', CLIENT_HEADERS: '', DATA: '{}', UUID: '' } 

[2023-04-24T12:47:12.685] [INFO] [POST] [/login]:
 {
  CONTEXT: 'FROM CLIENT',
  CLIENT_HEADERS: {
    host: '0.0.0.0:5000',
    'user-agent': 'curl/7.68.0',
    accept: '*/*',
    'content-type': 'application/json',
    'content-length': '42'
  },
  DATA: '{"userName":"nisha","password":"nisha"}',
  UUID: ''
} 

[2023-04-24T12:47:12.764] [INFO] [POST] [/login]:
 { CONTEXT: 'TO CLIENT', CLIENT_HEADERS: '', DATA: '{}', UUID: '' } 

[2023-04-24T13:08:09.152] [INFO] [POST] [/login]:
 {
  CONTEXT: 'FROM CLIENT',
  CLIENT_HEADERS: {
    host: 'localhost:7777',
    'user-agent': 'Mozilla/5.0 (X11; Ubuntu; Linux x86_64; rv:109.0) Gecko/20100101 Firefox/112.0',
    accept: 'application/json, text/plain, */*',
    'accept-language': 'en-US,en;q=0.5',
    'accept-encoding': 'gzip, deflate, br',
    'content-type': 'application/json',
    'content-length': '2',
    origin: 'http://localhost:3000',
    connection: 'keep-alive',
    referer: 'http://localhost:3000/',
    'sec-fetch-dest': 'empty',
    'sec-fetch-mode': 'cors',
    'sec-fetch-site': 'same-site'
  },
  DATA: '{}',
  UUID: ''
} 

[2023-04-24T13:08:09.206] [INFO] [POST] [/login]:
 {
  CONTEXT: 'TO CLIENT',
  CLIENT_HEADERS: '',
  DATA: `{"systemError":{"systemError":[{"instancePath":"","schemaPath":"#/required","keyword":"required","params":{"missingProperty":"userName"},"message":"must have required property 'userName'"}],"errorObject":{"errorCode":"300","errorMsg":"Field Is Not Proper"},"errorDesciption":"Incoming Request Is Not Proper [Function: validateSchema] [Data: [object Object]]"},"errorObject":{"errorCode":"303","errorMsg":"Unable To Validate Request"},"errorDesciption":"Unable to validate using ajv [Function: validateSchema] [Data: [object Object]]"}`,
  UUID: ''
} 

[2023-04-24T13:11:04.723] [INFO] [POST] [/login]:
 {
  CONTEXT: 'FROM CLIENT',
  CLIENT_HEADERS: {
    host: 'localhost:7777',
    'user-agent': 'Mozilla/5.0 (X11; Ubuntu; Linux x86_64; rv:109.0) Gecko/20100101 Firefox/112.0',
    accept: 'application/json, text/plain, */*',
    'accept-language': 'en-US,en;q=0.5',
    'accept-encoding': 'gzip, deflate, br',
    'content-type': 'application/json',
    'content-length': '31',
    origin: 'http://localhost:3000',
    connection: 'keep-alive',
    referer: 'http://localhost:3000/',
    'sec-fetch-dest': 'empty',
    'sec-fetch-mode': 'cors',
    'sec-fetch-site': 'same-site'
  },
  DATA: '{"userName":"a","password":"a"}',
  UUID: ''
} 

[2023-04-24T13:11:04.749] [INFO] [POST] [/login]:
 { CONTEXT: 'TO CLIENT', CLIENT_HEADERS: '', DATA: '{}', UUID: '' } 

[2023-04-24T13:12:00.247] [INFO] [POST] [/login]:
 {
  CONTEXT: 'FROM CLIENT',
  CLIENT_HEADERS: {
    host: 'localhost:7777',
    'user-agent': 'Mozilla/5.0 (X11; Ubuntu; Linux x86_64; rv:109.0) Gecko/20100101 Firefox/112.0',
    accept: 'application/json, text/plain, */*',
    'accept-language': 'en-US,en;q=0.5',
    'accept-encoding': 'gzip, deflate, br',
    'content-type': 'application/json',
    'content-length': '52',
    origin: 'http://localhost:3000',
    connection: 'keep-alive',
    referer: 'http://localhost:3000/',
    'sec-fetch-dest': 'empty',
    'sec-fetch-mode': 'cors',
    'sec-fetch-site': 'same-site'
  },
  DATA: '{"userName":"shdshgdshgdsgh","password":"shjshsahg"}',
  UUID: ''
} 

[2023-04-24T13:12:00.255] [INFO] [POST] [/login]:
 {
  CONTEXT: 'TO CLIENT',
  CLIENT_HEADERS: '',
  DATA: '{"systemError":{},"errorObject":{"errorCode":"100","errorMsg":"Unable To Fetch Branch List"},"errorDesciption":"Not Able To get user Data [Function: userLogin] "}',
  UUID: ''
} 

[2023-04-24T13:30:43.543] [INFO] [POST] [/login]:
 {
  CONTEXT: 'FROM CLIENT',
  CLIENT_HEADERS: {
    host: 'localhost:7777',
    'user-agent': 'Mozilla/5.0 (X11; Ubuntu; Linux x86_64; rv:109.0) Gecko/20100101 Firefox/112.0',
    accept: 'application/json, text/plain, */*',
    'accept-language': 'en-US,en;q=0.5',
    'accept-encoding': 'gzip, deflate, br',
    'content-type': 'application/json',
    'content-length': '37',
    origin: 'http://localhost:3000',
    connection: 'keep-alive',
    referer: 'http://localhost:3000/',
    'sec-fetch-dest': 'empty',
    'sec-fetch-mode': 'cors',
    'sec-fetch-site': 'same-site'
  },
  DATA: '{"userName":"John","password":"John"}',
  UUID: ''
} 

[2023-04-24T13:30:43.624] [INFO] [POST] [/login]:
 {
  CONTEXT: 'TO CLIENT',
  CLIENT_HEADERS: '',
  DATA: '{"errorCode":"201","errorMsg":"USER NOT FOUND!"}',
  UUID: ''
} 

[2023-04-24T13:33:41.025] [INFO] [POST] [/login]:
 {
  CONTEXT: 'FROM CLIENT',
  CLIENT_HEADERS: {
    host: 'localhost:7777',
    'user-agent': 'Mozilla/5.0 (X11; Ubuntu; Linux x86_64; rv:109.0) Gecko/20100101 Firefox/112.0',
    accept: 'application/json, text/plain, */*',
    'accept-language': 'en-US,en;q=0.5',
    'accept-encoding': 'gzip, deflate, br',
    'content-type': 'application/json',
    'content-length': '37',
    origin: 'http://localhost:3000',
    connection: 'keep-alive',
    referer: 'http://localhost:3000/',
    'sec-fetch-dest': 'empty',
    'sec-fetch-mode': 'cors',
    'sec-fetch-site': 'same-site'
  },
  DATA: '{"userName":"John","password":"John"}',
  UUID: ''
} 

[2023-04-24T13:33:41.094] [INFO] [POST] [/login]:
 {
  CONTEXT: 'TO CLIENT',
  CLIENT_HEADERS: '',
  DATA: '{"errorCode":"201","errorMsg":"USER NOT FOUND!"}',
  UUID: ''
} 

[2023-04-24T13:34:20.938] [INFO] [POST] [/login]:
 {
  CONTEXT: 'FROM CLIENT',
  CLIENT_HEADERS: {
    host: 'localhost:7777',
    'user-agent': 'Mozilla/5.0 (X11; Ubuntu; Linux x86_64; rv:109.0) Gecko/20100101 Firefox/112.0',
    accept: 'application/json, text/plain, */*',
    'accept-language': 'en-US,en;q=0.5',
    'accept-encoding': 'gzip, deflate, br',
    'content-type': 'application/json',
    'content-length': '37',
    origin: 'http://localhost:3000',
    connection: 'keep-alive',
    referer: 'http://localhost:3000/',
    'sec-fetch-dest': 'empty',
    'sec-fetch-mode': 'cors',
    'sec-fetch-site': 'same-site'
  },
  DATA: '{"userName":"John","password":"John"}',
  UUID: ''
} 

[2023-04-24T13:34:21.002] [INFO] [POST] [/login]:
 {
  CONTEXT: 'TO CLIENT',
  CLIENT_HEADERS: '',
  DATA: '{"errorCode":"201","errorMsg":"USER NOT FOUND!"}',
  UUID: ''
} 

[2023-04-24T13:35:19.481] [INFO] [POST] [/login]:
 {
  CONTEXT: 'FROM CLIENT',
  CLIENT_HEADERS: {
    host: 'localhost:7777',
    'user-agent': 'Mozilla/5.0 (X11; Ubuntu; Linux x86_64; rv:109.0) Gecko/20100101 Firefox/112.0',
    accept: 'application/json, text/plain, */*',
    'accept-language': 'en-US,en;q=0.5',
    'accept-encoding': 'gzip, deflate, br',
    'content-type': 'application/json',
    'content-length': '37',
    origin: 'http://localhost:3000',
    connection: 'keep-alive',
    referer: 'http://localhost:3000/',
    'sec-fetch-dest': 'empty',
    'sec-fetch-mode': 'cors',
    'sec-fetch-site': 'same-site'
  },
  DATA: '{"userName":"John","password":"John"}',
  UUID: ''
} 

[2023-04-24T13:35:19.571] [INFO] [POST] [/login]:
 {
  CONTEXT: 'TO CLIENT',
  CLIENT_HEADERS: '',
  DATA: '{"errorCode":"201","errorMsg":"USER NOT FOUND!"}',
  UUID: ''
} 

[2023-04-24T13:35:52.157] [INFO] [POST] [/login]:
 {
  CONTEXT: 'FROM CLIENT',
  CLIENT_HEADERS: {
    host: 'localhost:7777',
    'user-agent': 'Mozilla/5.0 (X11; Ubuntu; Linux x86_64; rv:109.0) Gecko/20100101 Firefox/112.0',
    accept: 'application/json, text/plain, */*',
    'accept-language': 'en-US,en;q=0.5',
    'accept-encoding': 'gzip, deflate, br',
    'content-type': 'application/json',
    'content-length': '37',
    origin: 'http://localhost:3000',
    connection: 'keep-alive',
    referer: 'http://localhost:3000/',
    'sec-fetch-dest': 'empty',
    'sec-fetch-mode': 'cors',
    'sec-fetch-site': 'same-site'
  },
  DATA: '{"userName":"John","password":"John"}',
  UUID: ''
} 

[2023-04-24T13:35:52.251] [INFO] [POST] [/login]:
 {
  CONTEXT: 'TO CLIENT',
  CLIENT_HEADERS: '',
  DATA: '{"errorCode":"00","errorMsg":"success"}',
  UUID: ''
} 

[2023-04-24T13:36:31.861] [INFO] [POST] [/login]:
 {
  CONTEXT: 'FROM CLIENT',
  CLIENT_HEADERS: {
    host: 'localhost:7777',
    'user-agent': 'Mozilla/5.0 (X11; Ubuntu; Linux x86_64; rv:109.0) Gecko/20100101 Firefox/112.0',
    accept: 'application/json, text/plain, */*',
    'accept-language': 'en-US,en;q=0.5',
    'accept-encoding': 'gzip, deflate, br',
    'content-type': 'application/json',
    'content-length': '37',
    origin: 'http://localhost:3000',
    connection: 'keep-alive',
    referer: 'http://localhost:3000/',
    'sec-fetch-dest': 'empty',
    'sec-fetch-mode': 'cors',
    'sec-fetch-site': 'same-site'
  },
  DATA: '{"userName":"John","password":"John"}',
  UUID: ''
} 

[2023-04-24T13:36:31.930] [INFO] [POST] [/login]:
 {
  CONTEXT: 'TO CLIENT',
  CLIENT_HEADERS: '',
  DATA: '{"errorCode":"00","errorMsg":"success"}',
  UUID: ''
} 

[2023-04-24T13:37:48.704] [INFO] [POST] [/login]:
 {
  CONTEXT: 'FROM CLIENT',
  CLIENT_HEADERS: {
    host: 'localhost:7777',
    'user-agent': 'Mozilla/5.0 (X11; Ubuntu; Linux x86_64; rv:109.0) Gecko/20100101 Firefox/112.0',
    accept: 'application/json, text/plain, */*',
    'accept-language': 'en-US,en;q=0.5',
    'accept-encoding': 'gzip, deflate, br',
    'content-type': 'application/json',
    'content-length': '37',
    origin: 'http://localhost:3000',
    connection: 'keep-alive',
    referer: 'http://localhost:3000/',
    'sec-fetch-dest': 'empty',
    'sec-fetch-mode': 'cors',
    'sec-fetch-site': 'same-site'
  },
  DATA: '{"userName":"John","password":"John"}',
  UUID: ''
} 

[2023-04-24T13:37:48.707] [INFO] [POST] [/login]:
 {
  CONTEXT: 'TO CLIENT',
  CLIENT_HEADERS: '',
  DATA: '{"systemError":{},"errorObject":{"errorCode":"100","errorMsg":"Unable To Fetch Branch List"},"errorDesciption":"Not Able To get user Data [Function: userLogin] "}',
  UUID: ''
} 

